<?xml version="1.0" encoding="UTF-8"?>
<testng-results skipped="0" failed="0" ignored="0" total="1" passed="1">
  <reporter-output>
  </reporter-output>
  <suite name="Default suite" duration-ms="17762" started-at="2020-11-04T09:34:58Z" finished-at="2020-11-04T09:35:16Z">
    <groups>
    </groups>
    <test name="Default test" duration-ms="17762" started-at="2020-11-04T09:34:58Z" finished-at="2020-11-04T09:35:16Z">
      <class name="com.qa.Testcases.UserTestCase">
        <test-method status="PASS" signature="setUp()[pri:0, instance:com.qa.Testcases.UserTestCase@29774679]" name="setUp" is-config="true" duration-ms="12081" started-at="2020-11-04T14:34:58Z" finished-at="2020-11-04T14:35:11Z">
          <reporter-output>
          </reporter-output>
        </test-method> <!-- setUp -->
        <test-method status="PASS" signature="DeleteUser()[pri:3, instance:com.qa.Testcases.UserTestCase@29774679]" name="DeleteUser" duration-ms="5637" started-at="2020-11-04T14:35:11Z" finished-at="2020-11-04T14:35:16Z">
          <reporter-output>
          </reporter-output>
        </test-method> <!-- DeleteUser -->
      </class> <!-- com.qa.Testcases.UserTestCase -->
    </test> <!-- Default test -->
  </suite> <!-- Default suite -->
</testng-results>
